<?xml version="1.0" encoding="UTF-8"?>
<!-- Generated by org.testng.reporters.JUnitReportReporter -->
<testsuite hostname="DESKTOP-8C0LO3K" failures="0" tests="3" name="Cucumber.Options.TestRunner" time="2.324" errors="0" timestamp="2025-02-19T21:35:44 IST" skipped="0">
  <testcase classname="Cucumber.Options.TestRunner" name="runScenario" time="0.149"/>
  <testcase classname="Cucumber.Options.TestRunner" name="runScenario" time="0.170"/>
  <testcase classname="Cucumber.Options.TestRunner" name="runScenario" time="2.005"/>
</testsuite> <!-- Cucumber.Options.TestRunner -->
