<?xml version="1.0" encoding="UTF-8"?>
<!-- Generated by org.testng.reporters.JUnitReportReporter -->
<testsuite hostname="DESKTOP-8C0LO3K" failures="1" tests="5" name="Cucumber.Options.TestRunner" time="10.455" errors="0" timestamp="2025-02-21T21:28:02 IST" skipped="0">
  <testcase classname="Cucumber.Options.TestRunner" name="runScenario" time="8.982"/>
  <testcase classname="Cucumber.Options.TestRunner" name="runScenario" time="0.298"/>
  <testcase classname="Cucumber.Options.TestRunner" name="runScenario" time="0.335"/>
  <testcase classname="Cucumber.Options.TestRunner" name="runScenario" time="0.530">
    <failure message="expected [201] but found [200]" type="java.lang.AssertionError">
      <![CDATA[java.lang.AssertionError: expected [201] but found [200]
at org.testng.Assert.fail(Assert.java:111)
at org.testng.Assert.failNotEquals(Assert.java:1578)
at org.testng.Assert.assertEqualsImpl(Assert.java:150)
at org.testng.Assert.assertEquals(Assert.java:132)
at org.testng.Assert.assertEquals(Assert.java:1419)
at org.testng.Assert.assertEquals(Assert.java:1383)
at org.testng.Assert.assertEquals(Assert.java:1429)
at stepDefinitions.CommonStepDefinition.the_status_code_should_be(CommonStepDefinition.java:29)
at âœ½.the status code should be "201"(file:///C:/Users/InfoBahn/eclipse-workspace/ApiAutomationCucumber/src/main/java/featureFiles/GetBook.feature:9)
]]>
    </failure>
  </testcase> <!-- runScenario -->
  <testcase classname="Cucumber.Options.TestRunner" name="runScenario" time="0.310"/>
</testsuite> <!-- Cucumber.Options.TestRunner -->
